[HFish] ::1 - [2020-04-13 15:05:52] "GET / HTTP/1.1 200 5.210424ms "Mozilla/5.0 (Macintosh; Intel Mac OS X 10_15_4) AppleWebKit/537.36 (KHTML, like Gecko) Chrome/80.0.3987.163 Safari/537.36" "
[GIN] 2020/04/13 - 15:05:52 | 200 |    5.330199ms |             ::1 | GET      /
[HFish] ::1 - [2020-04-13 15:05:52] "GET /static/css/style.css HTTP/1.1 200 6.523125ms "Mozilla/5.0 (Macintosh; Intel Mac OS X 10_15_4) AppleWebKit/537.36 (KHTML, like Gecko) Chrome/80.0.3987.163 Safari/537.36" "
[GIN] 2020/04/13 - 15:05:52 | 200 |    6.580871ms |             ::1 | GET      /static/css/style.css
[HFish] ::1 - [2020-04-13 15:05:53] "GET /static/js/jquery.min.js HTTP/1.1 200 791.025µs "Mozilla/5.0 (Macintosh; Intel Mac OS X 10_15_4) AppleWebKit/537.36 (KHTML, like Gecko) Chrome/80.0.3987.163 Safari/537.36" "
[GIN] 2020/04/13 - 15:05:53 | 200 |     836.129µs |             ::1 | GET      /static/js/jquery.min.js
[HFish] ::1 - [2020-04-13 15:05:53] "GET /static/js/xss.min.js HTTP/1.1 200 983.954µs "Mozilla/5.0 (Macintosh; Intel Mac OS X 10_15_4) AppleWebKit/537.36 (KHTML, like Gecko) Chrome/80.0.3987.163 Safari/537.36" "
[GIN] 2020/04/13 - 15:05:53 | 200 |    1.015373ms |             ::1 | GET      /static/js/xss.min.js
[HFish] ::1 - [2020-04-13 15:05:53] "GET /static/data/js/echarts-wordcloud.min.js HTTP/1.1 200 1.090266ms "Mozilla/5.0 (Macintosh; Intel Mac OS X 10_15_4) AppleWebKit/537.36 (KHTML, like Gecko) Chrome/80.0.3987.163 Safari/537.36" "
[GIN] 2020/04/13 - 15:05:53 | 200 |    1.156936ms |             ::1 | GET      /static/data/js/echarts-wordcloud.min.js
[HFish] ::1 - [2020-04-13 15:05:53] "GET /static/data/js/echarts-3.8.5.min.js HTTP/1.1 200 1.771434ms "Mozilla/5.0 (Macintosh; Intel Mac OS X 10_15_4) AppleWebKit/537.36 (KHTML, like Gecko) Chrome/80.0.3987.163 Safari/537.36" "
[GIN] 2020/04/13 - 15:05:53 | 200 |    1.793763ms |             ::1 | GET      /static/data/js/echarts-3.8.5.min.js
[HFish] ::1 - [2020-04-13 15:05:53] "GET /static/fonts/fontawesome-webfont.woff2?v=4.6.2 HTTP/1.1 200 1.026994ms "Mozilla/5.0 (Macintosh; Intel Mac OS X 10_15_4) AppleWebKit/537.36 (KHTML, like Gecko) Chrome/80.0.3987.163 Safari/537.36" "
[GIN] 2020/04/13 - 15:05:53 | 200 |    1.222897ms |             ::1 | GET      /static/fonts/fontawesome-webfont.woff2?v=4.6.2
[HFish] ::1 - [2020-04-13 15:05:53] "GET /static/fonts/ionicons.ttf?v=1.5.0 HTTP/1.1 200 2.203456ms "Mozilla/5.0 (Macintosh; Intel Mac OS X 10_15_4) AppleWebKit/537.36 (KHTML, like Gecko) Chrome/80.0.3987.163 Safari/537.36" "
[GIN] 2020/04/13 - 15:05:53 | 200 |    2.251485ms |             ::1 | GET      /static/fonts/ionicons.ttf?v=1.5.0
[HFish] ::1 - [2020-04-13 15:05:53] "GET /get/dashboard/data HTTP/1.1 200 2.067174ms "Mozilla/5.0 (Macintosh; Intel Mac OS X 10_15_4) AppleWebKit/537.36 (KHTML, like Gecko) Chrome/80.0.3987.163 Safari/537.36" "
[GIN] 2020/04/13 - 15:05:53 | 200 |    2.119177ms |             ::1 | GET      /get/dashboard/data
[HFish] ::1 - [2020-04-13 15:05:53] "GET /get/dashboard/pie_data HTTP/1.1 200 779.001µs "Mozilla/5.0 (Macintosh; Intel Mac OS X 10_15_4) AppleWebKit/537.36 (KHTML, like Gecko) Chrome/80.0.3987.163 Safari/537.36" "
[GIN] 2020/04/13 - 15:05:53 | 200 |      803.91µs |             ::1 | GET      /get/dashboard/pie_data
[HFish] ::1 - [2020-04-13 15:05:53] "GET /data/get/password HTTP/1.1 200 452.374µs "Mozilla/5.0 (Macintosh; Intel Mac OS X 10_15_4) AppleWebKit/537.36 (KHTML, like Gecko) Chrome/80.0.3987.163 Safari/537.36" "
[GIN] 2020/04/13 - 15:05:53 | 200 |     481.477µs |             ::1 | GET      /data/get/password
[HFish] ::1 - [2020-04-13 15:05:53] "GET /data/get/account HTTP/1.1 200 875.658µs "Mozilla/5.0 (Macintosh; Intel Mac OS X 10_15_4) AppleWebKit/537.36 (KHTML, like Gecko) Chrome/80.0.3987.163 Safari/537.36" "
[GIN] 2020/04/13 - 15:05:53 | 200 |     903.948µs |             ::1 | GET      /data/get/account
[HFish] ::1 - [2020-04-13 15:05:55] "GET /fish HTTP/1.1 200 2.256474ms "Mozilla/5.0 (Macintosh; Intel Mac OS X 10_15_4) AppleWebKit/537.36 (KHTML, like Gecko) Chrome/80.0.3987.163 Safari/537.36" "
[GIN] 2020/04/13 - 15:05:55 | 200 |    2.295727ms |             ::1 | GET      /fish
[HFish] ::1 - [2020-04-13 15:05:55] "GET /get/fish/typeList HTTP/1.1 200 467.825µs "Mozilla/5.0 (Macintosh; Intel Mac OS X 10_15_4) AppleWebKit/537.36 (KHTML, like Gecko) Chrome/80.0.3987.163 Safari/537.36" "
[GIN] 2020/04/13 - 15:05:55 | 200 |     519.721µs |             ::1 | GET      /get/fish/typeList
[HFish] ::1 - [2020-04-13 15:05:55] "GET /get/fish/list?page=1&pageSize=10&type=all&colony=all&so_text= HTTP/1.1 200 1.212502ms "Mozilla/5.0 (Macintosh; Intel Mac OS X 10_15_4) AppleWebKit/537.36 (KHTML, like Gecko) Chrome/80.0.3987.163 Safari/537.36" "
[GIN] 2020/04/13 - 15:05:55 | 200 |    1.307307ms |             ::1 | GET      /get/fish/list?page=1&pageSize=10&type=all&colony=all&so_text=
[HFish] ::1 - [2020-04-13 15:06:04] "GET /dashboard HTTP/1.1 200 4.102671ms "Mozilla/5.0 (Macintosh; Intel Mac OS X 10_15_4) AppleWebKit/537.36 (KHTML, like Gecko) Chrome/80.0.3987.163 Safari/537.36" "
[GIN] 2020/04/13 - 15:06:04 | 200 |    4.156068ms |             ::1 | GET      /dashboard
[HFish] ::1 - [2020-04-13 15:06:05] "GET /get/dashboard/data HTTP/1.1 200 234.194µs "Mozilla/5.0 (Macintosh; Intel Mac OS X 10_15_4) AppleWebKit/537.36 (KHTML, like Gecko) Chrome/80.0.3987.163 Safari/537.36" "
[GIN] 2020/04/13 - 15:06:05 | 200 |     297.362µs |             ::1 | GET      /get/dashboard/data
[HFish] ::1 - [2020-04-13 15:06:05] "GET /get/dashboard/pie_data HTTP/1.1 200 255.39µs "Mozilla/5.0 (Macintosh; Intel Mac OS X 10_15_4) AppleWebKit/537.36 (KHTML, like Gecko) Chrome/80.0.3987.163 Safari/537.36" "
[GIN] 2020/04/13 - 15:06:05 | 200 |     299.073µs |             ::1 | GET      /get/dashboard/pie_data
[HFish] ::1 - [2020-04-13 15:06:05] "GET /data/get/account HTTP/1.1 200 427.358µs "Mozilla/5.0 (Macintosh; Intel Mac OS X 10_15_4) AppleWebKit/537.36 (KHTML, like Gecko) Chrome/80.0.3987.163 Safari/537.36" "
[GIN] 2020/04/13 - 15:06:05 | 200 |     471.241µs |             ::1 | GET      /data/get/account
[HFish] ::1 - [2020-04-13 15:06:05] "GET /data/get/password HTTP/1.1 200 525.638µs "Mozilla/5.0 (Macintosh; Intel Mac OS X 10_15_4) AppleWebKit/537.36 (KHTML, like Gecko) Chrome/80.0.3987.163 Safari/537.36" "
[GIN] 2020/04/13 - 15:06:05 | 200 |      572.73µs |             ::1 | GET      /data/get/password
[HFish] ::1 - [2020-04-13 15:06:06] "GET /data HTTP/1.1 200 2.955797ms "Mozilla/5.0 (Macintosh; Intel Mac OS X 10_15_4) AppleWebKit/537.36 (KHTML, like Gecko) Chrome/80.0.3987.163 Safari/537.36" "
[GIN] 2020/04/13 - 15:06:06 | 200 |    3.008808ms |             ::1 | GET      /data
[HFish] ::1 - [2020-04-13 15:06:06] "GET /static/data/css/bootstrap/css/bootstrap.min.css HTTP/1.1 200 917.077µs "Mozilla/5.0 (Macintosh; Intel Mac OS X 10_15_4) AppleWebKit/537.36 (KHTML, like Gecko) Chrome/80.0.3987.163 Safari/537.36" "
[GIN] 2020/04/13 - 15:06:06 | 200 |     980.174µs |             ::1 | GET      /static/data/css/bootstrap/css/bootstrap.min.css
[HFish] ::1 - [2020-04-13 15:06:06] "GET /static/data/js/jquery-3.3.1.min.js HTTP/1.1 200 1.689557ms "Mozilla/5.0 (Macintosh; Intel Mac OS X 10_15_4) AppleWebKit/537.36 (KHTML, like Gecko) Chrome/80.0.3987.163 Safari/537.36" "
[GIN] 2020/04/13 - 15:06:06 | 200 |     1.84066ms |             ::1 | GET      /static/data/js/jquery-3.3.1.min.js
[HFish] ::1 - [2020-04-13 15:06:06] "GET /static/data/dq.mp4 HTTP/1.1 206 6.378441ms "Mozilla/5.0 (Macintosh; Intel Mac OS X 10_15_4) AppleWebKit/537.36 (KHTML, like Gecko) Chrome/80.0.3987.163 Safari/537.36" "
[GIN] 2020/04/13 - 15:06:06 | 206 |    6.443298ms |             ::1 | GET      /static/data/dq.mp4
[HFish] ::1 - [2020-04-13 15:06:06] "GET /static/data/dq.mp4 HTTP/1.1 206 166.157µs "Mozilla/5.0 (Macintosh; Intel Mac OS X 10_15_4) AppleWebKit/537.36 (KHTML, like Gecko) Chrome/80.0.3987.163 Safari/537.36" "
[GIN] 2020/04/13 - 15:06:06 | 206 |     207.713µs |             ::1 | GET      /static/data/dq.mp4
[HFish] ::1 - [2020-04-13 15:06:06] "GET /static/data/img/panel.png HTTP/1.1 200 348.953µs "Mozilla/5.0 (Macintosh; Intel Mac OS X 10_15_4) AppleWebKit/537.36 (KHTML, like Gecko) Chrome/80.0.3987.163 Safari/537.36" "
[GIN] 2020/04/13 - 15:06:06 | 200 |     401.775µs |             ::1 | GET      /static/data/img/panel.png
[HFish] ::1 - [2020-04-13 15:06:06] "GET /static/data/img/header.png HTTP/1.1 200 895.722µs "Mozilla/5.0 (Macintosh; Intel Mac OS X 10_15_4) AppleWebKit/537.36 (KHTML, like Gecko) Chrome/80.0.3987.163 Safari/537.36" "
[GIN] 2020/04/13 - 15:06:06 | 200 |     918.972µs |             ::1 | GET      /static/data/img/header.png
[HFish] ::1 - [2020-04-13 15:06:06] "GET /data/get/china HTTP/1.1 200 746.39µs "Mozilla/5.0 (Macintosh; Intel Mac OS X 10_15_4) AppleWebKit/537.36 (KHTML, like Gecko) Chrome/80.0.3987.163 Safari/537.36" "
[GIN] 2020/04/13 - 15:06:06 | 200 |     796.846µs |             ::1 | GET      /data/get/china
[HFish] ::1 - [2020-04-13 15:06:06] "GET /data/get/country HTTP/1.1 200 530.669µs "Mozilla/5.0 (Macintosh; Intel Mac OS X 10_15_4) AppleWebKit/537.36 (KHTML, like Gecko) Chrome/80.0.3987.163 Safari/537.36" "
[GIN] 2020/04/13 - 15:06:06 | 200 |     719.802µs |             ::1 | GET      /data/get/country
[HFish] ::1 - [2020-04-13 15:06:06] "GET /data/get/ip HTTP/1.1 200 514.786µs "Mozilla/5.0 (Macintosh; Intel Mac OS X 10_15_4) AppleWebKit/537.36 (KHTML, like Gecko) Chrome/80.0.3987.163 Safari/537.36" "
[GIN] 2020/04/13 - 15:06:06 | 200 |     549.659µs |             ::1 | GET      /data/get/ip
[HFish] ::1 - [2020-04-13 15:06:06] "GET /data/get/type HTTP/1.1 200 434.967µs "Mozilla/5.0 (Macintosh; Intel Mac OS X 10_15_4) AppleWebKit/537.36 (KHTML, like Gecko) Chrome/80.0.3987.163 Safari/537.36" "
[GIN] 2020/04/13 - 15:06:06 | 200 |     468.941µs |             ::1 | GET      /data/get/type
[HFish] ::1 - [2020-04-13 15:06:06] "GET /data/get/account HTTP/1.1 200 450.673µs "Mozilla/5.0 (Macintosh; Intel Mac OS X 10_15_4) AppleWebKit/537.36 (KHTML, like Gecko) Chrome/80.0.3987.163 Safari/537.36" "
[GIN] 2020/04/13 - 15:06:06 | 200 |     490.735µs |             ::1 | GET      /data/get/account
[HFish] ::1 - [2020-04-13 15:06:06] "GET /data/get/password HTTP/1.1 200 343.614µs "Mozilla/5.0 (Macintosh; Intel Mac OS X 10_15_4) AppleWebKit/537.36 (KHTML, like Gecko) Chrome/80.0.3987.163 Safari/537.36" "
[GIN] 2020/04/13 - 15:06:06 | 200 |     375.132µs |             ::1 | GET      /data/get/password
[HFish] ::1 - [2020-04-13 15:06:06] "GET /data/get/info HTTP/1.1 200 465.096µs "Mozilla/5.0 (Macintosh; Intel Mac OS X 10_15_4) AppleWebKit/537.36 (KHTML, like Gecko) Chrome/80.0.3987.163 Safari/537.36" "
[GIN] 2020/04/13 - 15:06:06 | 200 |     503.187µs |             ::1 | GET      /data/get/info
[HFish] ::1 - [2020-04-13 15:06:06] "GET /static/data/dq.mp4 HTTP/1.1 206 3.186438ms "Mozilla/5.0 (Macintosh; Intel Mac OS X 10_15_4) AppleWebKit/537.36 (KHTML, like Gecko) Chrome/80.0.3987.163 Safari/537.36" "
[GIN] 2020/04/13 - 15:06:06 | 206 |    3.242535ms |             ::1 | GET      /static/data/dq.mp4
[HFish] ::1 - [2020-04-13 15:06:13] "GET /data/ws HTTP/1.1 200 6.512452008s "Mozilla/5.0 (Macintosh; Intel Mac OS X 10_15_4) AppleWebKit/537.36 (KHTML, like Gecko) Chrome/80.0.3987.163 Safari/537.36" "
[GIN] 2020/04/13 - 15:06:13 | 200 |  6.512592234s |             ::1 | GET      /data/ws
[HFish] ::1 - [2020-04-13 15:06:26] "GET /fish HTTP/1.1 200 3.050269ms "Mozilla/5.0 (Macintosh; Intel Mac OS X 10_15_4) AppleWebKit/537.36 (KHTML, like Gecko) Chrome/80.0.3987.163 Safari/537.36" "
[GIN] 2020/04/13 - 15:06:26 | 200 |    3.293767ms |             ::1 | GET      /fish
[HFish] ::1 - [2020-04-13 15:06:26] "GET /get/fish/list?page=1&pageSize=10&type=all&colony=all&so_text= HTTP/1.1 200 622.223µs "Mozilla/5.0 (Macintosh; Intel Mac OS X 10_15_4) AppleWebKit/537.36 (KHTML, like Gecko) Chrome/80.0.3987.163 Safari/537.36" "
[GIN] 2020/04/13 - 15:06:26 | 200 |     665.348µs |             ::1 | GET      /get/fish/list?page=1&pageSize=10&type=all&colony=all&so_text=
[HFish] ::1 - [2020-04-13 15:06:26] "GET /get/fish/typeList HTTP/1.1 200 619.195µs "Mozilla/5.0 (Macintosh; Intel Mac OS X 10_15_4) AppleWebKit/537.36 (KHTML, like Gecko) Chrome/80.0.3987.163 Safari/537.36" "
[GIN] 2020/04/13 - 15:06:26 | 200 |     664.134µs |             ::1 | GET      /get/fish/typeList
[HFish] ::1 - [2020-04-13 15:06:27] "GET /colony HTTP/1.1 200 4.469151ms "Mozilla/5.0 (Macintosh; Intel Mac OS X 10_15_4) AppleWebKit/537.36 (KHTML, like Gecko) Chrome/80.0.3987.163 Safari/537.36" "
[GIN] 2020/04/13 - 15:06:27 | 200 |     4.57429ms |             ::1 | GET      /colony
[HFish] ::1 - [2020-04-13 15:06:27] "GET /get/colony/list HTTP/1.1 200 454.135µs "Mozilla/5.0 (Macintosh; Intel Mac OS X 10_15_4) AppleWebKit/537.36 (KHTML, like Gecko) Chrome/80.0.3987.163 Safari/537.36" "
[GIN] 2020/04/13 - 15:06:27 | 200 |     497.792µs |             ::1 | GET      /get/colony/list
[HFish] ::1 - [2020-04-13 15:06:27] "GET /setting HTTP/1.1 200 3.505507ms "Mozilla/5.0 (Macintosh; Intel Mac OS X 10_15_4) AppleWebKit/537.36 (KHTML, like Gecko) Chrome/80.0.3987.163 Safari/537.36" "
[GIN] 2020/04/13 - 15:06:27 | 200 |    3.560039ms |             ::1 | GET      /setting
[HFish] ::1 - [2020-04-13 15:06:31] "POST /post/setting/checkSetting HTTP/1.1 200 4.285425ms "Mozilla/5.0 (Macintosh; Intel Mac OS X 10_15_4) AppleWebKit/537.36 (KHTML, like Gecko) Chrome/80.0.3987.163 Safari/537.36" "
[GIN] 2020/04/13 - 15:06:31 | 200 |    4.326509ms |             ::1 | POST     /post/setting/checkSetting
[HFish] ::1 - [2020-04-13 15:06:32] "POST /post/setting/checkSetting HTTP/1.1 200 3.184547ms "Mozilla/5.0 (Macintosh; Intel Mac OS X 10_15_4) AppleWebKit/537.36 (KHTML, like Gecko) Chrome/80.0.3987.163 Safari/537.36" "
[GIN] 2020/04/13 - 15:06:32 | 200 |    3.246939ms |             ::1 | POST     /post/setting/checkSetting
[HFish] ::1 - [2020-04-13 15:06:33] "GET /setting HTTP/1.1 200 2.312608ms "Mozilla/5.0 (Macintosh; Intel Mac OS X 10_15_4) AppleWebKit/537.36 (KHTML, like Gecko) Chrome/80.0.3987.163 Safari/537.36" "
[GIN] 2020/04/13 - 15:06:33 | 200 |    2.358969ms |             ::1 | GET      /setting
[HFish] ::1 - [2020-04-13 15:06:33] "GET /static/favicon.ico HTTP/1.1 200 1.050091ms "Mozilla/5.0 (Macintosh; Intel Mac OS X 10_15_4) AppleWebKit/537.36 (KHTML, like Gecko) Chrome/80.0.3987.163 Safari/537.36" "
[GIN] 2020/04/13 - 15:06:33 | 200 |    1.237495ms |             ::1 | GET      /static/favicon.ico
[HFish] ::1 - [2020-04-13 15:06:34] "GET /get/setting/info?id=5 HTTP/1.1 200 382.277µs "Mozilla/5.0 (Macintosh; Intel Mac OS X 10_15_4) AppleWebKit/537.36 (KHTML, like Gecko) Chrome/80.0.3987.163 Safari/537.36" "
[GIN] 2020/04/13 - 15:06:34 | 200 |     438.647µs |             ::1 | GET      /get/setting/info?id=5
[HFish] ::1 - [2020-04-13 15:06:38] "GET /setting HTTP/1.1 200 2.449608ms "Mozilla/5.0 (Macintosh; Intel Mac OS X 10_15_4) AppleWebKit/537.36 (KHTML, like Gecko) Chrome/80.0.3987.163 Safari/537.36" "
[GIN] 2020/04/13 - 15:06:38 | 200 |    2.512487ms |             ::1 | GET      /setting
[HFish] ::1 - [2020-04-13 15:06:39] "GET /mail HTTP/1.1 200 1.61601ms "Mozilla/5.0 (Macintosh; Intel Mac OS X 10_15_4) AppleWebKit/537.36 (KHTML, like Gecko) Chrome/80.0.3987.163 Safari/537.36" "
[GIN] 2020/04/13 - 15:06:39 | 200 |    1.664059ms |             ::1 | GET      /mail
[HFish] ::1 - [2020-04-13 15:06:39] "GET /static/images/xy.png HTTP/1.1 200 2.336674ms "Mozilla/5.0 (Macintosh; Intel Mac OS X 10_15_4) AppleWebKit/537.36 (KHTML, like Gecko) Chrome/80.0.3987.163 Safari/537.36" "
[GIN] 2020/04/13 - 15:06:39 | 200 |    2.576233ms |             ::1 | GET      /static/images/xy.png
[HFish] ::1 - [2020-04-13 15:06:39] "GET /static/libs/wangeditor3/wangEditor.js HTTP/1.1 200 1.150886ms "Mozilla/5.0 (Macintosh; Intel Mac OS X 10_15_4) AppleWebKit/537.36 (KHTML, like Gecko) Chrome/80.0.3987.163 Safari/537.36" "
[GIN] 2020/04/13 - 15:06:39 | 200 |    1.208602ms |             ::1 | GET      /static/libs/wangeditor3/wangEditor.js
[HFish] ::1 - [2020-04-13 15:06:40] "GET /colony HTTP/1.1 200 3.41567ms "Mozilla/5.0 (Macintosh; Intel Mac OS X 10_15_4) AppleWebKit/537.36 (KHTML, like Gecko) Chrome/80.0.3987.163 Safari/537.36" "
[GIN] 2020/04/13 - 15:06:40 | 200 |    3.525619ms |             ::1 | GET      /colony
[HFish] ::1 - [2020-04-13 15:06:40] "GET /get/colony/list HTTP/1.1 200 339.055µs "Mozilla/5.0 (Macintosh; Intel Mac OS X 10_15_4) AppleWebKit/537.36 (KHTML, like Gecko) Chrome/80.0.3987.163 Safari/537.36" "
[GIN] 2020/04/13 - 15:06:40 | 200 |     400.009µs |             ::1 | GET      /get/colony/list
[HFish] ::1 - [2020-04-13 15:06:41] "GET /fish HTTP/1.1 200 5.471056ms "Mozilla/5.0 (Macintosh; Intel Mac OS X 10_15_4) AppleWebKit/537.36 (KHTML, like Gecko) Chrome/80.0.3987.163 Safari/537.36" "
[GIN] 2020/04/13 - 15:06:41 | 200 |      5.5782ms |             ::1 | GET      /fish
[HFish] ::1 - [2020-04-13 15:06:41] "GET /get/fish/list?page=1&pageSize=10&type=all&colony=all&so_text= HTTP/1.1 200 575.178µs "Mozilla/5.0 (Macintosh; Intel Mac OS X 10_15_4) AppleWebKit/537.36 (KHTML, like Gecko) Chrome/80.0.3987.163 Safari/537.36" "
[GIN] 2020/04/13 - 15:06:41 | 200 |     616.224µs |             ::1 | GET      /get/fish/list?page=1&pageSize=10&type=all&colony=all&so_text=
[HFish] ::1 - [2020-04-13 15:06:41] "GET /get/fish/typeList HTTP/1.1 200 569.385µs "Mozilla/5.0 (Macintosh; Intel Mac OS X 10_15_4) AppleWebKit/537.36 (KHTML, like Gecko) Chrome/80.0.3987.163 Safari/537.36" "
[GIN] 2020/04/13 - 15:06:41 | 200 |      601.21µs |             ::1 | GET      /get/fish/typeList
[HFish] ::1 - [2020-04-13 15:06:43] "GET /get/fish/info?id=345431 HTTP/1.1 200 590.298µs "Mozilla/5.0 (Macintosh; Intel Mac OS X 10_15_4) AppleWebKit/537.36 (KHTML, like Gecko) Chrome/80.0.3987.163 Safari/537.36" "
[GIN] 2020/04/13 - 15:06:43 | 200 |     650.706µs |             ::1 | GET      /get/fish/info?id=345431
[HFish] ::1 - [2020-04-13 15:06:46] "GET /fish HTTP/1.1 200 2.476489ms "Mozilla/5.0 (Macintosh; Intel Mac OS X 10_15_4) AppleWebKit/537.36 (KHTML, like Gecko) Chrome/80.0.3987.163 Safari/537.36" "
[GIN] 2020/04/13 - 15:06:46 | 200 |     2.52068ms |             ::1 | GET      /fish
[HFish] ::1 - [2020-04-13 15:06:46] "GET /get/fish/list?page=1&pageSize=10&type=all&colony=all&so_text= HTTP/1.1 200 521.02µs "Mozilla/5.0 (Macintosh; Intel Mac OS X 10_15_4) AppleWebKit/537.36 (KHTML, like Gecko) Chrome/80.0.3987.163 Safari/537.36" "
[GIN] 2020/04/13 - 15:06:46 | 200 |     551.406µs |             ::1 | GET      /get/fish/list?page=1&pageSize=10&type=all&colony=all&so_text=
[HFish] ::1 - [2020-04-13 15:06:46] "GET /get/fish/typeList HTTP/1.1 200 509.444µs "Mozilla/5.0 (Macintosh; Intel Mac OS X 10_15_4) AppleWebKit/537.36 (KHTML, like Gecko) Chrome/80.0.3987.163 Safari/537.36" "
[GIN] 2020/04/13 - 15:06:46 | 200 |     590.631µs |             ::1 | GET      /get/fish/typeList
[HFish] ::1 - [2020-04-13 15:06:46] "GET /dashboard HTTP/1.1 200 5.332673ms "Mozilla/5.0 (Macintosh; Intel Mac OS X 10_15_4) AppleWebKit/537.36 (KHTML, like Gecko) Chrome/80.0.3987.163 Safari/537.36" "
[GIN] 2020/04/13 - 15:06:46 | 200 |    5.406193ms |             ::1 | GET      /dashboard
[HFish] ::1 - [2020-04-13 15:06:46] "GET /get/dashboard/data HTTP/1.1 200 147.82µs "Mozilla/5.0 (Macintosh; Intel Mac OS X 10_15_4) AppleWebKit/537.36 (KHTML, like Gecko) Chrome/80.0.3987.163 Safari/537.36" "
[GIN] 2020/04/13 - 15:06:46 | 200 |     209.917µs |             ::1 | GET      /get/dashboard/data
[HFish] ::1 - [2020-04-13 15:06:46] "GET /get/dashboard/pie_data HTTP/1.1 200 143.762µs "Mozilla/5.0 (Macintosh; Intel Mac OS X 10_15_4) AppleWebKit/537.36 (KHTML, like Gecko) Chrome/80.0.3987.163 Safari/537.36" "
[GIN] 2020/04/13 - 15:06:46 | 200 |     187.674µs |             ::1 | GET      /get/dashboard/pie_data
[HFish] ::1 - [2020-04-13 15:06:46] "GET /data/get/password HTTP/1.1 200 382.297µs "Mozilla/5.0 (Macintosh; Intel Mac OS X 10_15_4) AppleWebKit/537.36 (KHTML, like Gecko) Chrome/80.0.3987.163 Safari/537.36" "
[GIN] 2020/04/13 - 15:06:46 | 200 |     418.621µs |             ::1 | GET      /data/get/password
[HFish] ::1 - [2020-04-13 15:06:46] "GET /data/get/account HTTP/1.1 200 365.413µs "Mozilla/5.0 (Macintosh; Intel Mac OS X 10_15_4) AppleWebKit/537.36 (KHTML, like Gecko) Chrome/80.0.3987.163 Safari/537.36" "
[GIN] 2020/04/13 - 15:06:46 | 200 |     476.112µs |             ::1 | GET      /data/get/account
[HFish] ::1 - [2020-04-13 15:06:47] "GET /fish HTTP/1.1 200 5.000011ms "Mozilla/5.0 (Macintosh; Intel Mac OS X 10_15_4) AppleWebKit/537.36 (KHTML, like Gecko) Chrome/80.0.3987.163 Safari/537.36" "
[GIN] 2020/04/13 - 15:06:47 | 200 |    5.397392ms |             ::1 | GET      /fish
[HFish] ::1 - [2020-04-13 15:06:47] "GET /get/fish/list?page=1&pageSize=10&type=all&colony=all&so_text= HTTP/1.1 200 1.917389ms "Mozilla/5.0 (Macintosh; Intel Mac OS X 10_15_4) AppleWebKit/537.36 (KHTML, like Gecko) Chrome/80.0.3987.163 Safari/537.36" "
[GIN] 2020/04/13 - 15:06:47 | 200 |    2.059296ms |             ::1 | GET      /get/fish/list?page=1&pageSize=10&type=all&colony=all&so_text=
[HFish] ::1 - [2020-04-13 15:06:47] "GET /get/fish/typeList HTTP/1.1 200 1.150762ms "Mozilla/5.0 (Macintosh; Intel Mac OS X 10_15_4) AppleWebKit/537.36 (KHTML, like Gecko) Chrome/80.0.3987.163 Safari/537.36" "
[GIN] 2020/04/13 - 15:06:47 | 200 |    1.258247ms |             ::1 | GET      /get/fish/typeList
[HFish] ::1 - [2020-04-13 15:06:47] "GET /colony HTTP/1.1 200 3.094333ms "Mozilla/5.0 (Macintosh; Intel Mac OS X 10_15_4) AppleWebKit/537.36 (KHTML, like Gecko) Chrome/80.0.3987.163 Safari/537.36" "
[GIN] 2020/04/13 - 15:06:47 | 200 |    3.134484ms |             ::1 | GET      /colony
[HFish] ::1 - [2020-04-13 15:06:47] "GET /get/colony/list HTTP/1.1 200 483.395µs "Mozilla/5.0 (Macintosh; Intel Mac OS X 10_15_4) AppleWebKit/537.36 (KHTML, like Gecko) Chrome/80.0.3987.163 Safari/537.36" "
[GIN] 2020/04/13 - 15:06:47 | 200 |     522.068µs |             ::1 | GET      /get/colony/list
[HFish] ::1 - [2020-04-13 15:06:48] "GET /mail HTTP/1.1 200 1.946701ms "Mozilla/5.0 (Macintosh; Intel Mac OS X 10_15_4) AppleWebKit/537.36 (KHTML, like Gecko) Chrome/80.0.3987.163 Safari/537.36" "
[GIN] 2020/04/13 - 15:06:48 | 200 |    1.992018ms |             ::1 | GET      /mail
[HFish] ::1 - [2020-04-13 15:06:48] "GET /colony HTTP/1.1 200 3.511234ms "Mozilla/5.0 (Macintosh; Intel Mac OS X 10_15_4) AppleWebKit/537.36 (KHTML, like Gecko) Chrome/80.0.3987.163 Safari/537.36" "
[GIN] 2020/04/13 - 15:06:48 | 200 |     3.55968ms |             ::1 | GET      /colony
[HFish] ::1 - [2020-04-13 15:06:48] "GET /get/colony/list HTTP/1.1 200 343.68µs "Mozilla/5.0 (Macintosh; Intel Mac OS X 10_15_4) AppleWebKit/537.36 (KHTML, like Gecko) Chrome/80.0.3987.163 Safari/537.36" "
[GIN] 2020/04/13 - 15:06:48 | 200 |     374.988µs |             ::1 | GET      /get/colony/list
[HFish] ::1 - [2020-04-13 15:06:49] "GET /fish HTTP/1.1 200 2.694203ms "Mozilla/5.0 (Macintosh; Intel Mac OS X 10_15_4) AppleWebKit/537.36 (KHTML, like Gecko) Chrome/80.0.3987.163 Safari/537.36" "
[GIN] 2020/04/13 - 15:06:49 | 200 |    2.751066ms |             ::1 | GET      /fish
[HFish] ::1 - [2020-04-13 15:06:49] "GET /get/fish/typeList HTTP/1.1 200 518.425µs "Mozilla/5.0 (Macintosh; Intel Mac OS X 10_15_4) AppleWebKit/537.36 (KHTML, like Gecko) Chrome/80.0.3987.163 Safari/537.36" "
[GIN] 2020/04/13 - 15:06:49 | 200 |     556.267µs |             ::1 | GET      /get/fish/typeList
[HFish] ::1 - [2020-04-13 15:06:49] "GET /get/fish/list?page=1&pageSize=10&type=all&colony=all&so_text= HTTP/1.1 200 668.184µs "Mozilla/5.0 (Macintosh; Intel Mac OS X 10_15_4) AppleWebKit/537.36 (KHTML, like Gecko) Chrome/80.0.3987.163 Safari/537.36" "
[GIN] 2020/04/13 - 15:06:49 | 200 |     725.676µs |             ::1 | GET      /get/fish/list?page=1&pageSize=10&type=all&colony=all&so_text=
[HFish] ::1 - [2020-04-13 15:06:50] "GET /dashboard HTTP/1.1 200 3.323936ms "Mozilla/5.0 (Macintosh; Intel Mac OS X 10_15_4) AppleWebKit/537.36 (KHTML, like Gecko) Chrome/80.0.3987.163 Safari/537.36" "
[GIN] 2020/04/13 - 15:06:50 | 200 |    3.362914ms |             ::1 | GET      /dashboard
[HFish] ::1 - [2020-04-13 15:06:50] "GET /get/dashboard/data HTTP/1.1 200 170.475µs "Mozilla/5.0 (Macintosh; Intel Mac OS X 10_15_4) AppleWebKit/537.36 (KHTML, like Gecko) Chrome/80.0.3987.163 Safari/537.36" "
[GIN] 2020/04/13 - 15:06:50 | 200 |     209.559µs |             ::1 | GET      /get/dashboard/data
[HFish] ::1 - [2020-04-13 15:06:50] "GET /get/dashboard/pie_data HTTP/1.1 200 233.417µs "Mozilla/5.0 (Macintosh; Intel Mac OS X 10_15_4) AppleWebKit/537.36 (KHTML, like Gecko) Chrome/80.0.3987.163 Safari/537.36" "
[GIN] 2020/04/13 - 15:06:50 | 200 |     362.805µs |             ::1 | GET      /get/dashboard/pie_data
[HFish] ::1 - [2020-04-13 15:06:50] "GET /data/get/account HTTP/1.1 200 470.88µs "Mozilla/5.0 (Macintosh; Intel Mac OS X 10_15_4) AppleWebKit/537.36 (KHTML, like Gecko) Chrome/80.0.3987.163 Safari/537.36" "
[GIN] 2020/04/13 - 15:06:50 | 200 |     510.095µs |             ::1 | GET      /data/get/account
[HFish] ::1 - [2020-04-13 15:06:50] "GET /data/get/password HTTP/1.1 200 344.697µs "Mozilla/5.0 (Macintosh; Intel Mac OS X 10_15_4) AppleWebKit/537.36 (KHTML, like Gecko) Chrome/80.0.3987.163 Safari/537.36" "
[GIN] 2020/04/13 - 15:06:50 | 200 |     369.733µs |             ::1 | GET      /data/get/password
